0 info it worked if it ends with ok
1 verbose cli [ 'C:\\Program Files\\nodejs\\node.exe',
1 verbose cli   'C:\\Program Files\\nodejs\\node_modules\\npm\\bin\\npm-cli.js',
1 verbose cli   'run',
1 verbose cli   'static-serve' ]
2 info using npm@4.0.5
3 info using node@v7.4.0
4 verbose run-script [ 'prestatic-serve', 'static-serve', 'poststatic-serve' ]
5 info lifecycle todo1@0.0.0~prestatic-serve: todo1@0.0.0
6 silly lifecycle todo1@0.0.0~prestatic-serve: no script for prestatic-serve, continuing
7 info lifecycle todo1@0.0.0~static-serve: todo1@0.0.0
8 verbose lifecycle todo1@0.0.0~static-serve: unsafe-perm in lifecycle true
9 verbose lifecycle todo1@0.0.0~static-serve: PATH: C:\Program Files\nodejs\node_modules\npm\bin\node-gyp-bin;D:\todo1\node_modules\.bin;C:\Users\T01568\AppData\Roaming\npm;C:\Program Files\nodejs\;C:\Program Files\Common Files\Microsoft Shared\Microsoft Online Services;C:\Program Files (x86)\Common Files\Microsoft Shared\Microsoft Online Services;C:\Program Files (x86)\Intel\iCLS Client\;C:\Program Files\Intel\iCLS Client\;C:\Windows\system32;C:\Windows;C:\Windows\System32\Wbem;C:\Windows\System32\WindowsPowerShell\v1.0\;C:\Program Files (x86)\Common Files\Lenovo;C:\Program Files\Intel\Intel(R) Management Engine Components\DAL;C:\Program Files\Intel\Intel(R) Management Engine Components\IPT;C:\Program Files (x86)\Intel\Intel(R) Management Engine Components\DAL;C:\Program Files (x86)\Intel\Intel(R) Management Engine Components\IPT;C:\Program Files\TortoiseSVN\bin;C:\Program Files\MySQL\MySQL Server 5.5\bin;C:\Program Files\nodejs\;C:\Program Files\nodejs\node_modules\npm\bin;D:\1Git\cmd
10 verbose lifecycle todo1@0.0.0~static-serve: CWD: D:\todo1
11 silly lifecycle todo1@0.0.0~static-serve: Args: [ '/d /s /c',
11 silly lifecycle   'cd dist && live-server --port=4200 --host=localhost --entry-file=/index.html' ]
12 silly lifecycle todo1@0.0.0~static-serve: Returned: code: 1  signal: null
13 info lifecycle todo1@0.0.0~static-serve: Failed to exec static-serve script
14 verbose stack Error: todo1@0.0.0 static-serve: `cd dist && live-server --port=4200 --host=localhost --entry-file=/index.html`
14 verbose stack Exit status 1
14 verbose stack     at EventEmitter.<anonymous> (C:\Program Files\nodejs\node_modules\npm\lib\utils\lifecycle.js:279:16)
14 verbose stack     at emitTwo (events.js:106:13)
14 verbose stack     at EventEmitter.emit (events.js:191:7)
14 verbose stack     at ChildProcess.<anonymous> (C:\Program Files\nodejs\node_modules\npm\lib\utils\spawn.js:40:14)
14 verbose stack     at emitTwo (events.js:106:13)
14 verbose stack     at ChildProcess.emit (events.js:191:7)
14 verbose stack     at maybeClose (internal/child_process.js:885:16)
14 verbose stack     at Process.ChildProcess._handle.onexit (internal/child_process.js:226:5)
15 verbose pkgid todo1@0.0.0
16 verbose cwd D:\todo1\src
17 error Windows_NT 6.1.7601
18 error argv "C:\\Program Files\\nodejs\\node.exe" "C:\\Program Files\\nodejs\\node_modules\\npm\\bin\\npm-cli.js" "run" "static-serve"
19 error node v7.4.0
20 error npm  v4.0.5
21 error code ELIFECYCLE
22 error todo1@0.0.0 static-serve: `cd dist && live-server --port=4200 --host=localhost --entry-file=/index.html`
22 error Exit status 1
23 error Failed at the todo1@0.0.0 static-serve script 'cd dist && live-server --port=4200 --host=localhost --entry-file=/index.html'.
23 error Make sure you have the latest version of node.js and npm installed.
23 error If you do, this is most likely a problem with the todo1 package,
23 error not with npm itself.
23 error Tell the author that this fails on your system:
23 error     cd dist && live-server --port=4200 --host=localhost --entry-file=/index.html
23 error You can get information on how to open an issue for this project with:
23 error     npm bugs todo1
23 error Or if that isn't available, you can get their info via:
23 error     npm owner ls todo1
23 error There is likely additional logging output above.
24 verbose exit [ 1, true ]
